\BOOKMARK [0][-]{Doc-Start}{Title}{}% 1
\BOOKMARK [0][-]{chapter*.1}{Contents}{}% 2
\BOOKMARK [0][-]{chapter*.3}{Overview Statements}{}% 3
\BOOKMARK [1][-]{section.0.1}{Mission Statement}{chapter*.3}% 4
\BOOKMARK [1][-]{section.0.2}{Elevator Pitch}{chapter*.3}% 5
\BOOKMARK [0][-]{chapter*.4}{Document Preparation and Updates}{}% 6
\BOOKMARK [0][-]{chapter.1}{Overview and concept of operations}{}% 7
\BOOKMARK [1][-]{section.1.1}{Team Members and Team Name}{chapter.1}% 8
\BOOKMARK [1][-]{section.1.2}{Client}{chapter.1}% 9
\BOOKMARK [1][-]{section.1.3}{Project}{chapter.1}% 10
\BOOKMARK [2][-]{subsection.1.3.1}{Purpose of the System}{section.1.3}% 11
\BOOKMARK [1][-]{section.1.4}{Deliverables}{chapter.1}% 12
\BOOKMARK [1][-]{section.1.5}{System Description}{chapter.1}% 13
\BOOKMARK [2][-]{subsection.1.5.1}{Major System Component \0431}{section.1.5}% 14
\BOOKMARK [2][-]{subsection.1.5.2}{Major System Component \0432}{section.1.5}% 15
\BOOKMARK [2][-]{subsection.1.5.3}{Major System Component \0433}{section.1.5}% 16
\BOOKMARK [1][-]{section.1.6}{Systems Goals}{chapter.1}% 17
\BOOKMARK [1][-]{section.1.7}{System Overview and Diagram}{chapter.1}% 18
\BOOKMARK [1][-]{section.1.8}{Technologies Overview}{chapter.1}% 19
\BOOKMARK [0][-]{chapter.2}{User Stories, Requirements, and Product Backlog}{}% 20
\BOOKMARK [1][-]{section.2.1}{Overview}{chapter.2}% 21
\BOOKMARK [1][-]{section.2.2}{User Stories}{chapter.2}% 22
\BOOKMARK [2][-]{subsection.2.2.1}{User Story \0431}{section.2.2}% 23
\BOOKMARK [2][-]{subsection.2.2.2}{User Story \0432}{section.2.2}% 24
\BOOKMARK [2][-]{subsection.2.2.3}{User Story \0433}{section.2.2}% 25
\BOOKMARK [2][-]{subsection.2.2.4}{User Story \0434}{section.2.2}% 26
\BOOKMARK [2][-]{subsection.2.2.5}{User Story \0435}{section.2.2}% 27
\BOOKMARK [2][-]{subsection.2.2.6}{User Story \0436}{section.2.2}% 28
\BOOKMARK [1][-]{section.2.3}{Requirements and Design Constraints}{chapter.2}% 29
\BOOKMARK [2][-]{subsection.2.3.1}{System Requirements}{section.2.3}% 30
\BOOKMARK [2][-]{subsection.2.3.2}{Network Requirements}{section.2.3}% 31
\BOOKMARK [2][-]{subsection.2.3.3}{Development Environment Requirements}{section.2.3}% 32
\BOOKMARK [2][-]{subsection.2.3.4}{Project Management Methodology}{section.2.3}% 33
\BOOKMARK [1][-]{section.2.4}{Specifications}{chapter.2}% 34
\BOOKMARK [1][-]{section.2.5}{Product Backlog}{chapter.2}% 35
\BOOKMARK [1][-]{section.2.6}{Research or Proof of Concept Results}{chapter.2}% 36
\BOOKMARK [1][-]{section.2.7}{Supporting Material}{chapter.2}% 37
\BOOKMARK [0][-]{chapter.3}{Project Overview}{}% 38
\BOOKMARK [1][-]{section.3.1}{Team Member's Roles}{chapter.3}% 39
\BOOKMARK [1][-]{section.3.2}{Project Management Approach}{chapter.3}% 40
\BOOKMARK [1][-]{section.3.3}{ Stakeholder Information}{chapter.3}% 41
\BOOKMARK [2][-]{subsection.3.3.1}{Customer or End User \(Product Owner\)}{section.3.3}% 42
\BOOKMARK [2][-]{subsection.3.3.2}{Management or Instructor \(Scrum Master\)}{section.3.3}% 43
\BOOKMARK [2][-]{subsection.3.3.3}{Investors}{section.3.3}% 44
\BOOKMARK [2][-]{subsection.3.3.4}{Developers \205Testers}{section.3.3}% 45
\BOOKMARK [1][-]{section.3.4}{Budget}{chapter.3}% 46
\BOOKMARK [1][-]{section.3.5}{Intellectual Property and Licensing}{chapter.3}% 47
\BOOKMARK [1][-]{section.3.6}{Sprint Overview}{chapter.3}% 48
\BOOKMARK [1][-]{section.3.7}{Terminology and Acronyms}{chapter.3}% 49
\BOOKMARK [1][-]{section.3.8}{Sprint Schedule}{chapter.3}% 50
\BOOKMARK [1][-]{section.3.9}{Timeline}{chapter.3}% 51
\BOOKMARK [1][-]{section.3.10}{Backlogs}{chapter.3}% 52
\BOOKMARK [1][-]{section.3.11}{Burndown Charts}{chapter.3}% 53
\BOOKMARK [1][-]{section.3.12}{Source Control}{chapter.3}% 54
\BOOKMARK [1][-]{section.3.13}{Build Environment}{chapter.3}% 55
\BOOKMARK [0][-]{chapter.4}{Design and Implementation}{}% 56
\BOOKMARK [1][-]{section.4.1}{Architecture and System Design}{chapter.4}% 57
\BOOKMARK [2][-]{subsection.4.1.1}{Design Selection}{section.4.1}% 58
\BOOKMARK [2][-]{subsection.4.1.2}{Data Structures and Algorithms}{section.4.1}% 59
\BOOKMARK [2][-]{subsection.4.1.3}{Data Flow}{section.4.1}% 60
\BOOKMARK [2][-]{subsection.4.1.4}{Communications}{section.4.1}% 61
\BOOKMARK [2][-]{subsection.4.1.5}{Classes}{section.4.1}% 62
\BOOKMARK [2][-]{subsection.4.1.6}{UML}{section.4.1}% 63
\BOOKMARK [1][-]{section.4.2}{Major Component \0431 }{chapter.4}% 64
\BOOKMARK [2][-]{subsection.4.2.1}{Technologies Used}{section.4.2}% 65
\BOOKMARK [2][-]{subsection.4.2.2}{Component Overview}{section.4.2}% 66
\BOOKMARK [2][-]{subsection.4.2.3}{ Architecture Diagram}{section.4.2}% 67
\BOOKMARK [2][-]{subsection.4.2.4}{Data Flow Diagram}{section.4.2}% 68
\BOOKMARK [2][-]{subsection.4.2.5}{Design Details}{section.4.2}% 69
\BOOKMARK [1][-]{section.4.3}{Major Component \0432 }{chapter.4}% 70
\BOOKMARK [2][-]{subsection.4.3.1}{Technologies Used}{section.4.3}% 71
\BOOKMARK [2][-]{subsection.4.3.2}{Component Overview}{section.4.3}% 72
\BOOKMARK [2][-]{subsection.4.3.3}{Phase Overview}{section.4.3}% 73
\BOOKMARK [2][-]{subsection.4.3.4}{ Architecture Diagram}{section.4.3}% 74
\BOOKMARK [2][-]{subsection.4.3.5}{Design Details}{section.4.3}% 75
\BOOKMARK [1][-]{section.4.4}{Major Component \0433 }{chapter.4}% 76
\BOOKMARK [2][-]{subsection.4.4.1}{Component Overview}{section.4.4}% 77
\BOOKMARK [2][-]{subsection.4.4.2}{Phase Overview}{section.4.4}% 78
\BOOKMARK [2][-]{subsection.4.4.3}{ Architecture Diagram}{section.4.4}% 79
\BOOKMARK [2][-]{subsection.4.4.4}{Data Flow Diagram}{section.4.4}% 80
\BOOKMARK [2][-]{subsection.4.4.5}{Design Details}{section.4.4}% 81
\BOOKMARK [0][-]{chapter.5}{System and Unit Testing}{}% 82
\BOOKMARK [1][-]{section.5.1}{Overview}{chapter.5}% 83
\BOOKMARK [1][-]{section.5.2}{Dependencies}{chapter.5}% 84
\BOOKMARK [1][-]{section.5.3}{Test Setup and Execution}{chapter.5}% 85
\BOOKMARK [1][-]{section.5.4}{System Testing}{chapter.5}% 86
\BOOKMARK [1][-]{section.5.5}{System Integration Analysis}{chapter.5}% 87
\BOOKMARK [1][-]{section.5.6}{Risk Analysis}{chapter.5}% 88
\BOOKMARK [2][-]{subsection.5.6.1}{Risk Mitigation}{section.5.6}% 89
\BOOKMARK [1][-]{section.5.7}{Successes, Issues and Problems}{chapter.5}% 90
\BOOKMARK [2][-]{subsection.5.7.1}{Changes to the Backlog}{section.5.7}% 91
\BOOKMARK [0][-]{chapter.6}{Prototypes}{}% 92
\BOOKMARK [1][-]{section.6.1}{Sprint 1 Prototype}{chapter.6}% 93
\BOOKMARK [2][-]{subsection.6.1.1}{Deliverable}{section.6.1}% 94
\BOOKMARK [2][-]{subsection.6.1.2}{Backlog}{section.6.1}% 95
\BOOKMARK [2][-]{subsection.6.1.3}{Success/Fail}{section.6.1}% 96
\BOOKMARK [1][-]{section.6.2}{Sprint 2 Prototype}{chapter.6}% 97
\BOOKMARK [2][-]{subsection.6.2.1}{Deliverable}{section.6.2}% 98
\BOOKMARK [2][-]{subsection.6.2.2}{Backlog}{section.6.2}% 99
\BOOKMARK [2][-]{subsection.6.2.3}{Success/Fail}{section.6.2}% 100
\BOOKMARK [1][-]{section.6.3}{Sprint 3 Prototype}{chapter.6}% 101
\BOOKMARK [2][-]{subsection.6.3.1}{Deliverable}{section.6.3}% 102
\BOOKMARK [2][-]{subsection.6.3.2}{Backlog}{section.6.3}% 103
\BOOKMARK [2][-]{subsection.6.3.3}{Success/Fail}{section.6.3}% 104
\BOOKMARK [1][-]{section.6.4}{Sprint 4 Prototype}{chapter.6}% 105
\BOOKMARK [2][-]{subsection.6.4.1}{Deliverable}{section.6.4}% 106
\BOOKMARK [2][-]{subsection.6.4.2}{Backlog}{section.6.4}% 107
\BOOKMARK [2][-]{subsection.6.4.3}{Success/Fail}{section.6.4}% 108
\BOOKMARK [1][-]{section.6.5}{Sprint 5 Prototype}{chapter.6}% 109
\BOOKMARK [2][-]{subsection.6.5.1}{Deliverable}{section.6.5}% 110
\BOOKMARK [2][-]{subsection.6.5.2}{Backlog}{section.6.5}% 111
\BOOKMARK [2][-]{subsection.6.5.3}{Success/Fail}{section.6.5}% 112
\BOOKMARK [0][-]{chapter.7}{Release \205 Setup \205 Deployment}{}% 113
\BOOKMARK [1][-]{section.7.1}{Deployment Information and Dependencies}{chapter.7}% 114
\BOOKMARK [1][-]{section.7.2}{Setup Information}{chapter.7}% 115
\BOOKMARK [1][-]{section.7.3}{System Versioning Information}{chapter.7}% 116
\BOOKMARK [0][-]{chapter.8}{User Documentation}{}% 117
\BOOKMARK [1][-]{section.8.1}{User Guide}{chapter.8}% 118
\BOOKMARK [1][-]{section.8.2}{Installation Guide}{chapter.8}% 119
\BOOKMARK [1][-]{section.8.3}{Programmer Manual}{chapter.8}% 120
\BOOKMARK [0][-]{chapter.9}{Business Plan}{}% 121
\BOOKMARK [1][-]{section.9.1}{Business Model}{chapter.9}% 122
\BOOKMARK [1][-]{section.9.2}{Market and Competition}{chapter.9}% 123
\BOOKMARK [1][-]{section.9.3}{Regulatory environment}{chapter.9}% 124
\BOOKMARK [1][-]{section.9.4}{Intellectual Property and Freedom to Operate}{chapter.9}% 125
\BOOKMARK [1][-]{section.9.5}{Management Team and Advisors}{chapter.9}% 126
\BOOKMARK [1][-]{section.9.6}{Sources and Uses of Capital}{chapter.9}% 127
\BOOKMARK [1][-]{section.9.7}{Financial Statements}{chapter.9}% 128
\BOOKMARK [1][-]{section.9.8}{Metrics and Milestones}{chapter.9}% 129
\BOOKMARK [1][-]{section.9.9}{Exit Plan}{chapter.9}% 130
\BOOKMARK [0][-]{chapter.10}{Experimental Log}{}% 131
\BOOKMARK [1][-]{section.10.1}{Benchmarking the Individual Computers}{chapter.10}% 132
\BOOKMARK [1][-]{section.10.2}{Ethernet Benchmark}{chapter.10}% 133
\BOOKMARK [1][-]{section.10.3}{Hardware Test}{chapter.10}% 134
\BOOKMARK [1][-]{section.10.4}{Switch Benchmark}{chapter.10}% 135
\BOOKMARK [1][-]{section.10.5}{USB to Ethernet Benchmark}{chapter.10}% 136
\BOOKMARK [1][-]{section.10.6}{Auto-Mounting Snow White's Home Directory}{chapter.10}% 137
\BOOKMARK [1][-]{section.10.7}{Assigning IP Addresses}{chapter.10}% 138
\BOOKMARK [1][-]{section.10.8}{Naming the Dwarfs}{chapter.10}% 139
\BOOKMARK [1][-]{section.10.9}{Getting Internet on the ODROIDs}{chapter.10}% 140
\BOOKMARK [1][-]{section.10.10}{SSH-ing Via Hostame}{chapter.10}% 141
\BOOKMARK [1][-]{section.10.11}{Starting up the Cluster}{chapter.10}% 142
\BOOKMARK [1][-]{section.10.12}{IP Addresses}{chapter.10}% 143
\BOOKMARK [1][-]{section.10.13}{Formatting Executable Commands}{chapter.10}% 144
\BOOKMARK [1][-]{section.10.14}{Current State of Cluster}{chapter.10}% 145
\BOOKMARK [1][-]{section.10.15}{Creating a Debian Package}{chapter.10}% 146
\BOOKMARK [1][-]{section.10.16}{USB to USB Communication}{chapter.10}% 147
\BOOKMARK [1][-]{section.10.17}{GPIO Communication}{chapter.10}% 148
\BOOKMARK [1][-]{section.10.18}{Updating Kernel}{chapter.10}% 149
\BOOKMARK [0][-]{chapter.11}{Research Results}{}% 150
\BOOKMARK [1][-]{section.11.1}{Result 1}{chapter.11}% 151
\BOOKMARK [1][-]{section.11.2}{Result 2}{chapter.11}% 152
\BOOKMARK [1][-]{section.11.3}{Result 3}{chapter.11}% 153
\BOOKMARK [1][-]{section.11.4}{Result 4}{chapter.11}% 154
\BOOKMARK [1][-]{section.11.5}{Result 5}{chapter.11}% 155
\BOOKMARK [1][-]{section.11.6}{Result 6}{chapter.11}% 156
\BOOKMARK [1][-]{section.11.7}{Conclusions}{chapter.11}% 157
\BOOKMARK [1][-]{section.11.8}{Further work}{chapter.11}% 158
\BOOKMARK [0][-]{chapter.12}{Software Agreement}{}% 159
\BOOKMARK [0][-]{appendix.A}{Product Description}{}% 160
\BOOKMARK [0][-]{appendix.B}{Publications}{}% 161
\BOOKMARK [0][-]{appendix.C}{Sprint Reports}{}% 162
\BOOKMARK [1][-]{section.C.1}{Sprint Report \0431}{appendix.C}% 163
\BOOKMARK [1][-]{section.C.2}{Sprint Report \0432}{appendix.C}% 164
\BOOKMARK [1][-]{section.C.3}{Sprint Report \0433}{appendix.C}% 165
\BOOKMARK [2][-]{subsection.C.3.1}{Overview}{section.C.3}% 166
\BOOKMARK [1][-]{section.C.4}{Sprint Report \0434}{appendix.C}% 167
\BOOKMARK [1][-]{section.C.5}{Sprint Report \0435}{appendix.C}% 168
\BOOKMARK [1][-]{section.C.6}{Sprint Report \0436}{appendix.C}% 169
\BOOKMARK [0][-]{appendix.D}{Industrial Experience and Resumes}{}% 170
\BOOKMARK [1][-]{section.D.1}{Experience}{appendix.D}% 171
\BOOKMARK [2][-]{subsection.D.1.1}{Andrew Hoover}{section.D.1}% 172
\BOOKMARK [1][-]{section.D.2}{Resumes}{appendix.D}% 173
\BOOKMARK [0][-]{appendix.E}{Acknowledgment}{}% 174
