\BOOKMARK [0][-]{Doc-Start}{Title}{}% 1
\BOOKMARK [0][-]{chapter*.1}{Contents}{}% 2
\BOOKMARK [0][-]{chapter*.3}{Overview Statements}{}% 3
\BOOKMARK [1][-]{section.0.1}{Mission Statement}{chapter*.3}% 4
\BOOKMARK [1][-]{section.0.2}{Elevator Pitch}{chapter*.3}% 5
\BOOKMARK [0][-]{chapter*.4}{Document Preparation and Updates}{}% 6
\BOOKMARK [0][-]{chapter.1}{Overview and concept of operations}{}% 7
\BOOKMARK [1][-]{section.1.1}{Scope}{chapter.1}% 8
\BOOKMARK [1][-]{section.1.2}{Deliverables}{chapter.1}% 9
\BOOKMARK [1][-]{section.1.3}{Purpose}{chapter.1}% 10
\BOOKMARK [2][-]{subsection.1.3.1}{Major System Component \0431}{section.1.3}% 11
\BOOKMARK [2][-]{subsection.1.3.2}{Major System Component \0432}{section.1.3}% 12
\BOOKMARK [2][-]{subsection.1.3.3}{Major System Component \0433}{section.1.3}% 13
\BOOKMARK [1][-]{section.1.4}{Systems Goals}{chapter.1}% 14
\BOOKMARK [1][-]{section.1.5}{System Overview and Diagram}{chapter.1}% 15
\BOOKMARK [1][-]{section.1.6}{Technologies Overview}{chapter.1}% 16
\BOOKMARK [0][-]{chapter.2}{Project Overview}{}% 17
\BOOKMARK [1][-]{section.2.1}{Team Members and Roles}{chapter.2}% 18
\BOOKMARK [1][-]{section.2.2}{Project Management Approach}{chapter.2}% 19
\BOOKMARK [1][-]{section.2.3}{Phase Overview}{chapter.2}% 20
\BOOKMARK [1][-]{section.2.4}{Terminology and Acronyms}{chapter.2}% 21
\BOOKMARK [0][-]{chapter.3}{User Stories, Backlog and Requirements}{}% 22
\BOOKMARK [1][-]{section.3.1}{Overview}{chapter.3}% 23
\BOOKMARK [2][-]{subsection.3.1.1}{Scope}{section.3.1}% 24
\BOOKMARK [2][-]{subsection.3.1.2}{Purpose of the System}{section.3.1}% 25
\BOOKMARK [1][-]{section.3.2}{ Stakeholder Information}{chapter.3}% 26
\BOOKMARK [2][-]{subsection.3.2.1}{Customer or End User \(Product Owner\)}{section.3.2}% 27
\BOOKMARK [2][-]{subsection.3.2.2}{Management or Instructor \(Scrum Master\)}{section.3.2}% 28
\BOOKMARK [2][-]{subsection.3.2.3}{Investors}{section.3.2}% 29
\BOOKMARK [2][-]{subsection.3.2.4}{Developers \205Testers}{section.3.2}% 30
\BOOKMARK [1][-]{section.3.3}{Business Need}{chapter.3}% 31
\BOOKMARK [2][-]{subsection.3.3.1}{System Requirements}{section.3.3}% 32
\BOOKMARK [2][-]{subsection.3.3.2}{Network Requirements}{section.3.3}% 33
\BOOKMARK [2][-]{subsection.3.3.3}{Development Environment Requirements}{section.3.3}% 34
\BOOKMARK [2][-]{subsection.3.3.4}{Project Management Methodology}{section.3.3}% 35
\BOOKMARK [1][-]{section.3.4}{User Stories}{chapter.3}% 36
\BOOKMARK [2][-]{subsection.3.4.1}{User Story \0431}{section.3.4}% 37
\BOOKMARK [2][-]{subsection.3.4.2}{User Story \0432}{section.3.4}% 38
\BOOKMARK [2][-]{subsection.3.4.3}{User Story \0433}{section.3.4}% 39
\BOOKMARK [2][-]{subsection.3.4.4}{User Story \0434}{section.3.4}% 40
\BOOKMARK [2][-]{subsection.3.4.5}{User Story \0435}{section.3.4}% 41
\BOOKMARK [2][-]{subsection.3.4.6}{User Story \0436}{section.3.4}% 42
\BOOKMARK [1][-]{section.3.5}{Research or Proof of Concept Results}{chapter.3}% 43
\BOOKMARK [0][-]{chapter.4}{Design and Implementation}{}% 44
\BOOKMARK [1][-]{section.4.1}{Cluster Configure}{chapter.4}% 45
\BOOKMARK [2][-]{subsection.4.1.1}{Technologies Used}{section.4.1}% 46
\BOOKMARK [2][-]{subsection.4.1.2}{Component Overview}{section.4.1}% 47
\BOOKMARK [2][-]{subsection.4.1.3}{Phase Overview}{section.4.1}% 48
\BOOKMARK [2][-]{subsection.4.1.4}{ Architecture Diagram}{section.4.1}% 49
\BOOKMARK [2][-]{subsection.4.1.5}{Design Details}{section.4.1}% 50
\BOOKMARK [0][-]{chapter.5}{System and Unit Testing}{}% 51
\BOOKMARK [1][-]{section.5.1}{Overview}{chapter.5}% 52
\BOOKMARK [1][-]{section.5.2}{Dependencies}{chapter.5}% 53
\BOOKMARK [1][-]{section.5.3}{Test Setup and Execution}{chapter.5}% 54
\BOOKMARK [0][-]{chapter.6}{Development Environment}{}% 55
\BOOKMARK [1][-]{section.6.1}{Development IDE and Tools}{chapter.6}% 56
\BOOKMARK [1][-]{section.6.2}{Source Control}{chapter.6}% 57
\BOOKMARK [1][-]{section.6.3}{Dependencies}{chapter.6}% 58
\BOOKMARK [1][-]{section.6.4}{Build Environment}{chapter.6}% 59
\BOOKMARK [1][-]{section.6.5}{Development Machine Setup}{chapter.6}% 60
\BOOKMARK [0][-]{chapter.7}{Release \205 Setup \205 Deployment}{}% 61
\BOOKMARK [1][-]{section.7.1}{Deployment Information and Dependencies}{chapter.7}% 62
\BOOKMARK [1][-]{section.7.2}{Setup Information}{chapter.7}% 63
\BOOKMARK [1][-]{section.7.3}{System Versioning Information}{chapter.7}% 64
\BOOKMARK [0][-]{chapter.8}{User Documentation}{}% 65
\BOOKMARK [1][-]{section.8.1}{User Guide}{chapter.8}% 66
\BOOKMARK [1][-]{section.8.2}{Installation Guide}{chapter.8}% 67
\BOOKMARK [1][-]{section.8.3}{Programmer Manual}{chapter.8}% 68
\BOOKMARK [0][-]{chapter.9}{Class Index}{}% 69
\BOOKMARK [1][-]{section.9.1}{Class List}{chapter.9}% 70
\BOOKMARK [0][-]{chapter.10}{Class Documentation}{}% 71
\BOOKMARK [1][-]{section.10.1}{Poly Class Reference}{chapter.10}% 72
\BOOKMARK [2][-]{subsection.10.1.1}{Constructor \046 Destructor Documentation}{section.10.1}% 73
\BOOKMARK [2][-]{subsection.10.1.2}{Member Function Documentation}{section.10.1}% 74
\BOOKMARK [0][-]{chapter.11}{Experimental Log}{}% 75
\BOOKMARK [1][-]{section.11.1}{Benchmarking the Individual Computers}{chapter.11}% 76
\BOOKMARK [1][-]{section.11.2}{Ethernet Benchmark}{chapter.11}% 77
\BOOKMARK [1][-]{section.11.3}{Hardware Test}{chapter.11}% 78
\BOOKMARK [1][-]{section.11.4}{Switch Benchmark}{chapter.11}% 79
\BOOKMARK [1][-]{section.11.5}{USB to Ethernet Benchmark}{chapter.11}% 80
\BOOKMARK [0][-]{chapter.12}{Research Results}{}% 81
\BOOKMARK [1][-]{section.12.1}{Result 1}{chapter.12}% 82
\BOOKMARK [1][-]{section.12.2}{Result 2}{chapter.12}% 83
\BOOKMARK [1][-]{section.12.3}{Conclusions}{chapter.12}% 84
\BOOKMARK [1][-]{section.12.4}{Further work}{chapter.12}% 85
\BOOKMARK [0][-]{chapter.13}{Software Agreement}{}% 86
\BOOKMARK [0][-]{appendix.A}{Product Description}{}% 87
\BOOKMARK [0][-]{appendix.B}{Publications}{}% 88
\BOOKMARK [0][-]{appendix.C}{Sprint Reports}{}% 89
\BOOKMARK [1][-]{section.C.1}{Sprint Report \0431}{appendix.C}% 90
\BOOKMARK [1][-]{section.C.2}{Sprint Report \0432}{appendix.C}% 91
\BOOKMARK [1][-]{section.C.3}{Sprint Report \0433}{appendix.C}% 92
\BOOKMARK [2][-]{subsection.C.3.1}{Overview}{section.C.3}% 93
\BOOKMARK [1][-]{section.C.4}{Sprint Report \0434}{appendix.C}% 94
\BOOKMARK [1][-]{section.C.5}{Sprint Report \0435}{appendix.C}% 95
\BOOKMARK [1][-]{section.C.6}{Sprint Report \0436}{appendix.C}% 96
\BOOKMARK [0][-]{appendix.D}{Industrial Experience and Resumes}{}% 97
\BOOKMARK [1][-]{section.D.1}{Resumes}{appendix.D}% 98
\BOOKMARK [0][-]{appendix.E}{Acknowledgment}{}% 99
\BOOKMARK [0][-]{appendix.F}{Supporting Materials}{}% 100
