\BOOKMARK [0][-]{Doc-Start}{Title}{}% 1
\BOOKMARK [0][-]{chapter*.1}{Contents}{}% 2
\BOOKMARK [0][-]{chapter*.2}{List of Figures}{}% 3
\BOOKMARK [0][-]{chapter*.3}{List of Tables}{}% 4
\BOOKMARK [0][-]{chapter*.4}{List of Algorithms}{}% 5
\BOOKMARK [0][-]{chapter*.5}{Overview Statements}{}% 6
\BOOKMARK [1][-]{section.0.1}{Mission Statement}{chapter*.5}% 7
\BOOKMARK [1][-]{section.0.2}{Elevator Pitch}{chapter*.5}% 8
\BOOKMARK [0][-]{chapter*.6}{Document Preparation and Updates}{}% 9
\BOOKMARK [0][-]{chapter.1}{Overview and concept of operations}{}% 10
\BOOKMARK [1][-]{section.1.1}{Scope}{chapter.1}% 11
\BOOKMARK [1][-]{section.1.2}{Purpose}{chapter.1}% 12
\BOOKMARK [2][-]{subsection.1.2.1}{Major System Component \0431}{section.1.2}% 13
\BOOKMARK [2][-]{subsection.1.2.2}{Major System Component \0432}{section.1.2}% 14
\BOOKMARK [2][-]{subsection.1.2.3}{Major System Component \0433}{section.1.2}% 15
\BOOKMARK [1][-]{section.1.3}{Systems Goals}{chapter.1}% 16
\BOOKMARK [1][-]{section.1.4}{System Overview and Diagram}{chapter.1}% 17
\BOOKMARK [1][-]{section.1.5}{Technologies Overview}{chapter.1}% 18
\BOOKMARK [0][-]{chapter.2}{Project Overview}{}% 19
\BOOKMARK [1][-]{section.2.1}{Team Members and Roles}{chapter.2}% 20
\BOOKMARK [1][-]{section.2.2}{Project Management Approach}{chapter.2}% 21
\BOOKMARK [1][-]{section.2.3}{Phase Overview}{chapter.2}% 22
\BOOKMARK [1][-]{section.2.4}{Terminology and Acronyms}{chapter.2}% 23
\BOOKMARK [0][-]{chapter.3}{Design and Implementation}{}% 24
\BOOKMARK [1][-]{section.3.1}{Major Component \0431 }{chapter.3}% 25
\BOOKMARK [2][-]{subsection.3.1.1}{Technologies Used}{section.3.1}% 26
\BOOKMARK [2][-]{subsection.3.1.2}{Component Overview}{section.3.1}% 27
\BOOKMARK [2][-]{subsection.3.1.3}{Phase Overview}{section.3.1}% 28
\BOOKMARK [2][-]{subsection.3.1.4}{ Architecture Diagram}{section.3.1}% 29
\BOOKMARK [2][-]{subsection.3.1.5}{Data Flow Diagram}{section.3.1}% 30
\BOOKMARK [2][-]{subsection.3.1.6}{Design Details}{section.3.1}% 31
\BOOKMARK [1][-]{section.3.2}{Major Component \0432 }{chapter.3}% 32
\BOOKMARK [2][-]{subsection.3.2.1}{Technologies Used}{section.3.2}% 33
\BOOKMARK [2][-]{subsection.3.2.2}{Component Overview}{section.3.2}% 34
\BOOKMARK [2][-]{subsection.3.2.3}{Phase Overview}{section.3.2}% 35
\BOOKMARK [2][-]{subsection.3.2.4}{ Architecture Diagram}{section.3.2}% 36
\BOOKMARK [2][-]{subsection.3.2.5}{Data Flow Diagram}{section.3.2}% 37
\BOOKMARK [2][-]{subsection.3.2.6}{Design Details}{section.3.2}% 38
\BOOKMARK [1][-]{section.3.3}{Major Component \0433 }{chapter.3}% 39
\BOOKMARK [2][-]{subsection.3.3.1}{Technologies Used}{section.3.3}% 40
\BOOKMARK [2][-]{subsection.3.3.2}{Component Overview}{section.3.3}% 41
\BOOKMARK [2][-]{subsection.3.3.3}{Phase Overview}{section.3.3}% 42
\BOOKMARK [2][-]{subsection.3.3.4}{ Architecture Diagram}{section.3.3}% 43
\BOOKMARK [2][-]{subsection.3.3.5}{Data Flow Diagram}{section.3.3}% 44
\BOOKMARK [2][-]{subsection.3.3.6}{Design Details}{section.3.3}% 45
\BOOKMARK [0][-]{chapter.4}{System and Unit Testing}{}% 46
\BOOKMARK [1][-]{section.4.1}{Overview}{chapter.4}% 47
\BOOKMARK [1][-]{section.4.2}{Dependencies}{chapter.4}% 48
\BOOKMARK [1][-]{section.4.3}{Test Setup and Execution}{chapter.4}% 49
\BOOKMARK [0][-]{chapter.5}{Development Environment}{}% 50
\BOOKMARK [1][-]{section.5.1}{Development IDE and Tools}{chapter.5}% 51
\BOOKMARK [1][-]{section.5.2}{Source Control}{chapter.5}% 52
\BOOKMARK [1][-]{section.5.3}{Dependencies}{chapter.5}% 53
\BOOKMARK [1][-]{section.5.4}{Build Environment}{chapter.5}% 54
\BOOKMARK [1][-]{section.5.5}{Development Machine Setup}{chapter.5}% 55
\BOOKMARK [0][-]{chapter.6}{Release \205 Setup \205 Deployment}{}% 56
\BOOKMARK [1][-]{section.6.1}{Deployment Information and Dependencies}{chapter.6}% 57
\BOOKMARK [1][-]{section.6.2}{Setup Information}{chapter.6}% 58
\BOOKMARK [1][-]{section.6.3}{System Versioning Information}{chapter.6}% 59
\BOOKMARK [0][-]{chapter.7}{User Documentation}{}% 60
\BOOKMARK [1][-]{section.7.1}{User Guide}{chapter.7}% 61
\BOOKMARK [1][-]{section.7.2}{Installation Guide}{chapter.7}% 62
\BOOKMARK [1][-]{section.7.3}{Programmer Manual}{chapter.7}% 63
\BOOKMARK [0][-]{chapter.8}{Class Index}{}% 64
\BOOKMARK [1][-]{section.8.1}{Class List}{chapter.8}% 65
\BOOKMARK [0][-]{chapter.9}{Class Documentation}{}% 66
\BOOKMARK [1][-]{section.9.1}{Poly Class Reference}{chapter.9}% 67
\BOOKMARK [2][-]{subsection.9.1.1}{Constructor \046 Destructor Documentation}{section.9.1}% 68
\BOOKMARK [2][-]{subsection.9.1.2}{Member Function Documentation}{section.9.1}% 69
\BOOKMARK [0][-]{chapter.10}{Experimental Log}{}% 70
\BOOKMARK [0][-]{chapter.11}{Research Results}{}% 71
\BOOKMARK [1][-]{section.11.1}{Result 1}{chapter.11}% 72
\BOOKMARK [1][-]{section.11.2}{Result 2}{chapter.11}% 73
\BOOKMARK [1][-]{section.11.3}{Conclusions}{chapter.11}% 74
\BOOKMARK [1][-]{section.11.4}{Further work}{chapter.11}% 75
\BOOKMARK [0][-]{chapter*.7}{Bibliography}{}% 76
\BOOKMARK [0][-]{chapter.12}{Software Agreement}{}% 77
\BOOKMARK [0][-]{appendix.A}{Product Description}{}% 78
\BOOKMARK [0][-]{appendix.B}{Publications}{}% 79
\BOOKMARK [0][-]{appendix.C}{Sprint Reports}{}% 80
\BOOKMARK [1][-]{section.C.1}{Sprint Report \0431}{appendix.C}% 81
\BOOKMARK [1][-]{section.C.2}{Sprint Report \0432}{appendix.C}% 82
\BOOKMARK [1][-]{section.C.3}{Sprint Report \0433}{appendix.C}% 83
\BOOKMARK [1][-]{section.C.4}{Sprint Report ...}{appendix.C}% 84
\BOOKMARK [0][-]{appendix.D}{Industrial Experience and Resumes}{}% 85
\BOOKMARK [1][-]{section.D.1}{Resumes}{appendix.D}% 86
\BOOKMARK [1][-]{section.D.2}{ABET: Industrial Experience Reports}{appendix.D}% 87
\BOOKMARK [2][-]{subsection.D.2.1}{Name1}{section.D.2}% 88
\BOOKMARK [2][-]{subsection.D.2.2}{Name2}{section.D.2}% 89
\BOOKMARK [2][-]{subsection.D.2.3}{Name3}{section.D.2}% 90
\BOOKMARK [0][-]{appendix.E}{Acknowledgment}{}% 91
\BOOKMARK [0][-]{appendix.F}{Supporting Materials}{}% 92
\BOOKMARK [0][-]{appendix*.8}{LaTeX Example}{}% 93
\BOOKMARK [1][-]{section.F.1}{Introduction}{appendix*.8}% 94
\BOOKMARK [1][-]{section.F.2}{Ordinary Text}{appendix*.8}% 95
\BOOKMARK [1][-]{section.F.3}{Displayed Text}{appendix*.8}% 96
\BOOKMARK [1][-]{section.F.4}{Build process}{appendix*.8}% 97
