\BOOKMARK [0][-]{Doc-Start}{Title}{}% 1
\BOOKMARK [0][-]{chapter*.1}{Contents}{}% 2
\BOOKMARK [0][-]{chapter*.2}{List of Figures}{}% 3
\BOOKMARK [0][-]{chapter*.3}{List of Tables}{}% 4
\BOOKMARK [0][-]{chapter*.4}{List of Algorithms}{}% 5
\BOOKMARK [0][-]{chapter*.5}{Overview Statements}{}% 6
\BOOKMARK [1][-]{section.0.1}{Mission Statement}{chapter*.5}% 7
\BOOKMARK [1][-]{section.0.2}{Elevator Pitch}{chapter*.5}% 8
\BOOKMARK [0][-]{chapter*.6}{Document Preparation and Updates}{}% 9
\BOOKMARK [0][-]{chapter.1}{Overview and concept of operations}{}% 10
\BOOKMARK [1][-]{section.1.1}{Scope}{chapter.1}% 11
\BOOKMARK [1][-]{section.1.2}{Purpose}{chapter.1}% 12
\BOOKMARK [2][-]{subsection.1.2.1}{Major System Component \0431}{section.1.2}% 13
\BOOKMARK [2][-]{subsection.1.2.2}{Major System Component \0432}{section.1.2}% 14
\BOOKMARK [2][-]{subsection.1.2.3}{Major System Component \0433}{section.1.2}% 15
\BOOKMARK [1][-]{section.1.3}{Systems Goals}{chapter.1}% 16
\BOOKMARK [1][-]{section.1.4}{System Overview and Diagram}{chapter.1}% 17
\BOOKMARK [1][-]{section.1.5}{Technologies Overview}{chapter.1}% 18
\BOOKMARK [0][-]{chapter.2}{Project Overview}{}% 19
\BOOKMARK [1][-]{section.2.1}{Team Members and Roles}{chapter.2}% 20
\BOOKMARK [1][-]{section.2.2}{Project Management Approach}{chapter.2}% 21
\BOOKMARK [1][-]{section.2.3}{Phase Overview}{chapter.2}% 22
\BOOKMARK [1][-]{section.2.4}{Terminology and Acronyms}{chapter.2}% 23
\BOOKMARK [0][-]{chapter.3}{User Stories, Backlog and Requirements}{}% 24
\BOOKMARK [1][-]{section.3.1}{Overview}{chapter.3}% 25
\BOOKMARK [2][-]{subsection.3.1.1}{Scope}{section.3.1}% 26
\BOOKMARK [2][-]{subsection.3.1.2}{Purpose of the System}{section.3.1}% 27
\BOOKMARK [1][-]{section.3.2}{ Stakeholder Information}{chapter.3}% 28
\BOOKMARK [2][-]{subsection.3.2.1}{Customer or End User \(Product Owner\)}{section.3.2}% 29
\BOOKMARK [2][-]{subsection.3.2.2}{Management or Instructor \(Scrum Master\)}{section.3.2}% 30
\BOOKMARK [2][-]{subsection.3.2.3}{Investors}{section.3.2}% 31
\BOOKMARK [2][-]{subsection.3.2.4}{Developers \205Testers}{section.3.2}% 32
\BOOKMARK [1][-]{section.3.3}{Business Need}{chapter.3}% 33
\BOOKMARK [1][-]{section.3.4}{Requirements and Design Constraints}{chapter.3}% 34
\BOOKMARK [2][-]{subsection.3.4.1}{System Requirements}{section.3.4}% 35
\BOOKMARK [2][-]{subsection.3.4.2}{Network Requirements}{section.3.4}% 36
\BOOKMARK [2][-]{subsection.3.4.3}{Development Environment Requirements}{section.3.4}% 37
\BOOKMARK [2][-]{subsection.3.4.4}{Project Management Methodology}{section.3.4}% 38
\BOOKMARK [1][-]{section.3.5}{User Stories}{chapter.3}% 39
\BOOKMARK [2][-]{subsection.3.5.1}{User Story \0431}{section.3.5}% 40
\BOOKMARK [2][-]{subsection.3.5.2}{User Story \0432}{section.3.5}% 41
\BOOKMARK [2][-]{subsection.3.5.3}{User Story \0433}{section.3.5}% 42
\BOOKMARK [2][-]{subsection.3.5.4}{User Story \0434}{section.3.5}% 43
\BOOKMARK [2][-]{subsection.3.5.5}{User Story \0435}{section.3.5}% 44
\BOOKMARK [2][-]{subsection.3.5.6}{User Story \0436}{section.3.5}% 45
\BOOKMARK [1][-]{section.3.6}{Research or Proof of Concept Results}{chapter.3}% 46
\BOOKMARK [1][-]{section.3.7}{Supporting Material}{chapter.3}% 47
\BOOKMARK [0][-]{chapter.4}{Design and Implementation}{}% 48
\BOOKMARK [1][-]{section.4.1}{Major Component \0431 }{chapter.4}% 49
\BOOKMARK [2][-]{subsection.4.1.1}{Technologies Used}{section.4.1}% 50
\BOOKMARK [2][-]{subsection.4.1.2}{Component Overview}{section.4.1}% 51
\BOOKMARK [2][-]{subsection.4.1.3}{Phase Overview}{section.4.1}% 52
\BOOKMARK [2][-]{subsection.4.1.4}{ Architecture Diagram}{section.4.1}% 53
\BOOKMARK [2][-]{subsection.4.1.5}{Data Flow Diagram}{section.4.1}% 54
\BOOKMARK [2][-]{subsection.4.1.6}{Design Details}{section.4.1}% 55
\BOOKMARK [1][-]{section.4.2}{Major Component \0432 }{chapter.4}% 56
\BOOKMARK [2][-]{subsection.4.2.1}{Technologies Used}{section.4.2}% 57
\BOOKMARK [2][-]{subsection.4.2.2}{Component Overview}{section.4.2}% 58
\BOOKMARK [2][-]{subsection.4.2.3}{Phase Overview}{section.4.2}% 59
\BOOKMARK [2][-]{subsection.4.2.4}{ Architecture Diagram}{section.4.2}% 60
\BOOKMARK [2][-]{subsection.4.2.5}{Data Flow Diagram}{section.4.2}% 61
\BOOKMARK [2][-]{subsection.4.2.6}{Design Details}{section.4.2}% 62
\BOOKMARK [1][-]{section.4.3}{Major Component \0433 }{chapter.4}% 63
\BOOKMARK [2][-]{subsection.4.3.1}{Technologies Used}{section.4.3}% 64
\BOOKMARK [2][-]{subsection.4.3.2}{Component Overview}{section.4.3}% 65
\BOOKMARK [2][-]{subsection.4.3.3}{Phase Overview}{section.4.3}% 66
\BOOKMARK [2][-]{subsection.4.3.4}{ Architecture Diagram}{section.4.3}% 67
\BOOKMARK [2][-]{subsection.4.3.5}{Data Flow Diagram}{section.4.3}% 68
\BOOKMARK [2][-]{subsection.4.3.6}{Design Details}{section.4.3}% 69
\BOOKMARK [0][-]{chapter.5}{System and Unit Testing}{}% 70
\BOOKMARK [1][-]{section.5.1}{Overview}{chapter.5}% 71
\BOOKMARK [1][-]{section.5.2}{Dependencies}{chapter.5}% 72
\BOOKMARK [1][-]{section.5.3}{Test Setup and Execution}{chapter.5}% 73
\BOOKMARK [0][-]{chapter.6}{Development Environment}{}% 74
\BOOKMARK [1][-]{section.6.1}{Development IDE and Tools}{chapter.6}% 75
\BOOKMARK [1][-]{section.6.2}{Source Control}{chapter.6}% 76
\BOOKMARK [1][-]{section.6.3}{Dependencies}{chapter.6}% 77
\BOOKMARK [1][-]{section.6.4}{Build Environment}{chapter.6}% 78
\BOOKMARK [1][-]{section.6.5}{Development Machine Setup}{chapter.6}% 79
\BOOKMARK [0][-]{chapter.7}{Release \205 Setup \205 Deployment}{}% 80
\BOOKMARK [1][-]{section.7.1}{Deployment Information and Dependencies}{chapter.7}% 81
\BOOKMARK [1][-]{section.7.2}{Setup Information}{chapter.7}% 82
\BOOKMARK [1][-]{section.7.3}{System Versioning Information}{chapter.7}% 83
\BOOKMARK [0][-]{chapter.8}{User Documentation}{}% 84
\BOOKMARK [1][-]{section.8.1}{User Guide}{chapter.8}% 85
\BOOKMARK [1][-]{section.8.2}{Installation Guide}{chapter.8}% 86
\BOOKMARK [1][-]{section.8.3}{Programmer Manual}{chapter.8}% 87
\BOOKMARK [0][-]{chapter.9}{Class Index}{}% 88
\BOOKMARK [1][-]{section.9.1}{Class List}{chapter.9}% 89
\BOOKMARK [0][-]{chapter.10}{Class Documentation}{}% 90
\BOOKMARK [1][-]{section.10.1}{Poly Class Reference}{chapter.10}% 91
\BOOKMARK [2][-]{subsection.10.1.1}{Constructor \046 Destructor Documentation}{section.10.1}% 92
\BOOKMARK [2][-]{subsection.10.1.2}{Member Function Documentation}{section.10.1}% 93
\BOOKMARK [0][-]{chapter.11}{Experimental Log}{}% 94
\BOOKMARK [1][-]{section.11.1}{Benchmarking the Individual Computers}{chapter.11}% 95
\BOOKMARK [0][-]{chapter.12}{Research Results}{}% 96
\BOOKMARK [1][-]{section.12.1}{Result 1}{chapter.12}% 97
\BOOKMARK [1][-]{section.12.2}{Result 2}{chapter.12}% 98
\BOOKMARK [1][-]{section.12.3}{Conclusions}{chapter.12}% 99
\BOOKMARK [1][-]{section.12.4}{Further work}{chapter.12}% 100
\BOOKMARK [0][-]{chapter*.7}{Bibliography}{}% 101
\BOOKMARK [0][-]{chapter.13}{Software Agreement}{}% 102
\BOOKMARK [0][-]{appendix.A}{Product Description}{}% 103
\BOOKMARK [0][-]{appendix.B}{Publications}{}% 104
\BOOKMARK [0][-]{appendix.C}{Sprint Reports}{}% 105
\BOOKMARK [1][-]{section.C.1}{Sprint Report \0431}{appendix.C}% 106
\BOOKMARK [2][-]{subsection.C.1.1}{Deliverables}{section.C.1}% 107
\BOOKMARK [2][-]{subsection.C.1.2}{Work for this sprint included:}{section.C.1}% 108
\BOOKMARK [2][-]{subsection.C.1.3}{Work that is carried over into Sprint 2 is as follows:}{section.C.1}% 109
\BOOKMARK [2][-]{subsection.C.1.4}{Benchmarking}{section.C.1}% 110
\BOOKMARK [2][-]{subsection.C.1.5}{Results}{section.C.1}% 111
\BOOKMARK [2][-]{subsection.C.1.6}{Conclusion}{section.C.1}% 112
\BOOKMARK [1][-]{section.C.2}{Sprint Report \0432}{appendix.C}% 113
\BOOKMARK [1][-]{section.C.3}{Sprint Report \0433}{appendix.C}% 114
\BOOKMARK [1][-]{section.C.4}{Sprint Report ...}{appendix.C}% 115
\BOOKMARK [0][-]{appendix.D}{Industrial Experience and Resumes}{}% 116
\BOOKMARK [1][-]{section.D.1}{Resumes}{appendix.D}% 117
\BOOKMARK [1][-]{section.D.2}{ABET: Industrial Experience Reports}{appendix.D}% 118
\BOOKMARK [2][-]{subsection.D.2.1}{Name1}{section.D.2}% 119
\BOOKMARK [2][-]{subsection.D.2.2}{Name2}{section.D.2}% 120
\BOOKMARK [2][-]{subsection.D.2.3}{Name3}{section.D.2}% 121
\BOOKMARK [0][-]{appendix.E}{Acknowledgment}{}% 122
\BOOKMARK [0][-]{appendix.F}{Supporting Materials}{}% 123
\BOOKMARK [0][-]{appendix*.8}{LaTeX Example}{}% 124
\BOOKMARK [1][-]{section.F.1}{Introduction}{appendix*.8}% 125
\BOOKMARK [1][-]{section.F.2}{Ordinary Text}{appendix*.8}% 126
\BOOKMARK [1][-]{section.F.3}{Displayed Text}{appendix*.8}% 127
\BOOKMARK [1][-]{section.F.4}{Build process}{appendix*.8}% 128
